<?xml version="1.0" encoding="UTF-8"?>
<!-- Generated by org.testng.reporters.JUnitXMLReporter -->
<testsuite hostname="Shibanis-MacBook-Air.local" ignored="0" name="Test" tests="2" failures="1" timestamp="2024-09-04T21:44:28 GST" time="67.109" errors="0">
  <testcase name="CreateTest" time="43.798" classname="testcases.CreateIndividual"/>
  <testcase name="editTestCase" time="57.531" classname="testcases.EditIndividual">
    <failure type="org.openqa.selenium.ElementClickInterceptedException" message="element click intercepted: Element &amp;lt;a aria-disabled=&amp;quot;false&amp;quot; role=&amp;quot;combobox&amp;quot; aria-describedby=&amp;quot;1480:0-label&amp;quot; tabindex=&amp;quot;0&amp;quot; aria-expanded=&amp;quot;true&amp;quot; aria-required=&amp;quot;false&amp;quot; aria-haspopup=&amp;quot;true&amp;quot; title=&amp;quot;&amp;quot; class=&amp;quot;select&amp;quot; data-aura-rendered-by=&amp;quot;1490:0&amp;quot; href=&amp;quot;javascript:void(0);&amp;quot; data-interactive-lib-uid=&amp;quot;4&amp;quot;&amp;gt;...&amp;lt;/a&amp;gt; is not clickable at point (524, 288). Other element would receive the click: &amp;lt;a data-aura-rendered-by=&amp;quot;2141:0&amp;quot; href=&amp;quot;javascript:void(0);&amp;quot; role=&amp;quot;option&amp;quot; aria-disabled=&amp;quot;false&amp;quot; tabindex=&amp;quot;0&amp;quot; title=&amp;quot;--None--&amp;quot; aria-selected=&amp;quot;false&amp;quot;&amp;gt;...&amp;lt;/a&amp;gt;
  (Session info: chrome=128.0.6613.119)
Build info: version: &amp;apos;4.13.0&amp;apos;, revision: &amp;apos;ba948ece5b*&amp;apos;
System info: os.name: &amp;apos;Mac OS X&amp;apos;, os.arch: &amp;apos;x86_64&amp;apos;, os.version: &amp;apos;10.16&amp;apos;, java.version: &amp;apos;1.8.0_311&amp;apos;
Driver info: org.openqa.selenium.chrome.ChromeDriver
Command: [bde6a9d4822a4e490f3c922af79b5398, clickElement {id=f.B781C93323EF8CD705C49E158BB22BCF.d.07F1AB65281747B54710585F259607FC.e.355}]
Capabilities {acceptInsecureCerts: false, browserName: chrome, browserVersion: 128.0.6613.119, chrome: {chromedriverVersion: 128.0.6613.119 (6e439cfca4d..., userDataDir: /var/folders/m4/hnw9sm595h1...}, fedcm:accounts: true, goog:chromeOptions: {debuggerAddress: localhost:52755}, networkConnectionEnabled: false, pageLoadStrategy: normal, platformName: mac, proxy: Proxy(), se:cdp: ws://localhost:52755/devtoo..., se:cdpVersion: 128.0.6613.119, setWindowRect: true, strictFileInteractability: false, timeouts: {implicit: 0, pageLoad: 300000, script: 30000}, unhandledPromptBehavior: dismiss and notify, webauthn:extension:credBlob: true, webauthn:extension:largeBlob: true, webauthn:extension:minPinLength: true, webauthn:extension:prf: true, webauthn:virtualAuthenticators: true}
Element: [[ChromeDriver: chrome on mac (bde6a9d4822a4e490f3c922af79b5398)] -&amp;gt; xpath: //a[text()=&amp;apos;Ms.&amp;apos;]]
Session ID: bde6a9d4822a4e490f3c922af79b5398">
      <![CDATA[org.openqa.selenium.ElementClickInterceptedException: element click intercepted: Element <a aria-disabled="false" role="combobox" aria-describedby="1480:0-label" tabindex="0" aria-expanded="true" aria-required="false" aria-haspopup="true" title="" class="select" data-aura-rendered-by="1490:0" href="javascript:void(0);" data-interactive-lib-uid="4">...</a> is not clickable at point (524, 288). Other element would receive the click: <a data-aura-rendered-by="2141:0" href="javascript:void(0);" role="option" aria-disabled="false" tabindex="0" title="--None--" aria-selected="false">...</a>
  (Session info: chrome=128.0.6613.119)
Build info: version: '4.13.0', revision: 'ba948ece5b*'
System info: os.name: 'Mac OS X', os.arch: 'x86_64', os.version: '10.16', java.version: '1.8.0_311'
Driver info: org.openqa.selenium.chrome.ChromeDriver
Command: [bde6a9d4822a4e490f3c922af79b5398, clickElement {id=f.B781C93323EF8CD705C49E158BB22BCF.d.07F1AB65281747B54710585F259607FC.e.355}]
Capabilities {acceptInsecureCerts: false, browserName: chrome, browserVersion: 128.0.6613.119, chrome: {chromedriverVersion: 128.0.6613.119 (6e439cfca4d..., userDataDir: /var/folders/m4/hnw9sm595h1...}, fedcm:accounts: true, goog:chromeOptions: {debuggerAddress: localhost:52755}, networkConnectionEnabled: false, pageLoadStrategy: normal, platformName: mac, proxy: Proxy(), se:cdp: ws://localhost:52755/devtoo..., se:cdpVersion: 128.0.6613.119, setWindowRect: true, strictFileInteractability: false, timeouts: {implicit: 0, pageLoad: 300000, script: 30000}, unhandledPromptBehavior: dismiss and notify, webauthn:extension:credBlob: true, webauthn:extension:largeBlob: true, webauthn:extension:minPinLength: true, webauthn:extension:prf: true, webauthn:virtualAuthenticators: true}
Element: [[ChromeDriver: chrome on mac (bde6a9d4822a4e490f3c922af79b5398)] -> xpath: //a[text()='Ms.']]
Session ID: bde6a9d4822a4e490f3c922af79b5398
at org.openqa.selenium.remote.codec.w3c.W3CHttpResponseCodec.createException(W3CHttpResponseCodec.java:200)
at org.openqa.selenium.remote.codec.w3c.W3CHttpResponseCodec.decode(W3CHttpResponseCodec.java:133)
at org.openqa.selenium.remote.codec.w3c.W3CHttpResponseCodec.decode(W3CHttpResponseCodec.java:52)
at org.openqa.selenium.remote.HttpCommandExecutor.execute(HttpCommandExecutor.java:191)
at org.openqa.selenium.remote.service.DriverCommandExecutor.invokeExecute(DriverCommandExecutor.java:196)
at org.openqa.selenium.remote.service.DriverCommandExecutor.execute(DriverCommandExecutor.java:171)
at org.openqa.selenium.remote.RemoteWebDriver.execute(RemoteWebDriver.java:602)
at org.openqa.selenium.remote.RemoteWebElement.execute(RemoteWebElement.java:224)
at org.openqa.selenium.remote.RemoteWebElement.click(RemoteWebElement.java:77)
at pages.EditPage.editTitle(EditPage.java:14)
at testcases.EditIndividual.editTestCase(EditIndividual.java:29)
at java.util.concurrent.ThreadPoolExecutor.runWorker(ThreadPoolExecutor.java:1149)
at java.util.concurrent.ThreadPoolExecutor$Worker.run(ThreadPoolExecutor.java:624)
at java.lang.Thread.run(Thread.java:748)
... Removed 16 stack frames]]>
    </failure>
  </testcase> <!-- editTestCase -->
</testsuite> <!-- Test -->
