<?xml version="1.0" encoding="UTF-8"?>
<!-- Generated by org.testng.reporters.JUnitReportReporter -->
<testsuite skipped="0" hostname="Shibanis-MacBook-Air.local" name="testcases.EditIndividual" tests="1" failures="0" timestamp="2024-09-04T21:44:29 GST" time="66.010" errors="1">
  <testcase name="editTestCase" time="66.010" classname="testcases.EditIndividual">
    <error type="org.openqa.selenium.ElementClickInterceptedException" message="element click intercepted: Element &lt;a aria-disabled=&quot;false&quot; role=&quot;combobox&quot; aria-describedby=&quot;1480:0-label&quot; tabindex=&quot;0&quot; aria-expanded=&quot;true&quot; aria-required=&quot;false&quot; aria-haspopup=&quot;true&quot; title=&quot;&quot; class=&quot;select&quot; data-aura-rendered-by=&quot;1490:0&quot; href=&quot;javascript:void(0);&quot; data-interactive-lib-uid=&quot;4&quot;&gt;...&lt;/a&gt; is not clickable at point (524, 288). Other element would receive the click: &lt;a data-aura-rendered-by=&quot;2141:0&quot; href=&quot;javascript:void(0);&quot; role=&quot;option&quot; aria-disabled=&quot;false&quot; tabindex=&quot;0&quot; title=&quot;--None--&quot; aria-selected=&quot;false&quot;&gt;...&lt;/a&gt;
  (Session info: chrome=128.0.6613.119)
Build info: version: &#039;4.13.0&#039;, revision: &#039;ba948ece5b*&#039;
System info: os.name: &#039;Mac OS X&#039;, os.arch: &#039;x86_64&#039;, os.version: &#039;10.16&#039;, java.version: &#039;1.8.0_311&#039;
Driver info: org.openqa.selenium.chrome.ChromeDriver
Command: [bde6a9d4822a4e490f3c922af79b5398, clickElement {id=f.B781C93323EF8CD705C49E158BB22BCF.d.07F1AB65281747B54710585F259607FC.e.355}]
Capabilities {acceptInsecureCerts: false, browserName: chrome, browserVersion: 128.0.6613.119, chrome: {chromedriverVersion: 128.0.6613.119 (6e439cfca4d..., userDataDir: /var/folders/m4/hnw9sm595h1...}, fedcm:accounts: true, goog:chromeOptions: {debuggerAddress: localhost:52755}, networkConnectionEnabled: false, pageLoadStrategy: normal, platformName: mac, proxy: Proxy(), se:cdp: ws://localhost:52755/devtoo..., se:cdpVersion: 128.0.6613.119, setWindowRect: true, strictFileInteractability: false, timeouts: {implicit: 0, pageLoad: 300000, script: 30000}, unhandledPromptBehavior: dismiss and notify, webauthn:extension:credBlob: true, webauthn:extension:largeBlob: true, webauthn:extension:minPinLength: true, webauthn:extension:prf: true, webauthn:virtualAuthenticators: true}
Element: [[ChromeDriver: chrome on mac (bde6a9d4822a4e490f3c922af79b5398)] -&gt; xpath: //a[text()=&#039;Ms.&#039;]]
Session ID: bde6a9d4822a4e490f3c922af79b5398">
      <![CDATA[org.openqa.selenium.ElementClickInterceptedException: element click intercepted: Element <a aria-disabled="false" role="combobox" aria-describedby="1480:0-label" tabindex="0" aria-expanded="true" aria-required="false" aria-haspopup="true" title="" class="select" data-aura-rendered-by="1490:0" href="javascript:void(0);" data-interactive-lib-uid="4">...</a> is not clickable at point (524, 288). Other element would receive the click: <a data-aura-rendered-by="2141:0" href="javascript:void(0);" role="option" aria-disabled="false" tabindex="0" title="--None--" aria-selected="false">...</a>
  (Session info: chrome=128.0.6613.119)
Build info: version: '4.13.0', revision: 'ba948ece5b*'
System info: os.name: 'Mac OS X', os.arch: 'x86_64', os.version: '10.16', java.version: '1.8.0_311'
Driver info: org.openqa.selenium.chrome.ChromeDriver
Command: [bde6a9d4822a4e490f3c922af79b5398, clickElement {id=f.B781C93323EF8CD705C49E158BB22BCF.d.07F1AB65281747B54710585F259607FC.e.355}]
Capabilities {acceptInsecureCerts: false, browserName: chrome, browserVersion: 128.0.6613.119, chrome: {chromedriverVersion: 128.0.6613.119 (6e439cfca4d..., userDataDir: /var/folders/m4/hnw9sm595h1...}, fedcm:accounts: true, goog:chromeOptions: {debuggerAddress: localhost:52755}, networkConnectionEnabled: false, pageLoadStrategy: normal, platformName: mac, proxy: Proxy(), se:cdp: ws://localhost:52755/devtoo..., se:cdpVersion: 128.0.6613.119, setWindowRect: true, strictFileInteractability: false, timeouts: {implicit: 0, pageLoad: 300000, script: 30000}, unhandledPromptBehavior: dismiss and notify, webauthn:extension:credBlob: true, webauthn:extension:largeBlob: true, webauthn:extension:minPinLength: true, webauthn:extension:prf: true, webauthn:virtualAuthenticators: true}
Element: [[ChromeDriver: chrome on mac (bde6a9d4822a4e490f3c922af79b5398)] -> xpath: //a[text()='Ms.']]
Session ID: bde6a9d4822a4e490f3c922af79b5398
at sun.reflect.NativeConstructorAccessorImpl.newInstance0(Native Method)
at sun.reflect.NativeConstructorAccessorImpl.newInstance(NativeConstructorAccessorImpl.java:62)
at sun.reflect.DelegatingConstructorAccessorImpl.newInstance(DelegatingConstructorAccessorImpl.java:45)
at java.lang.reflect.Constructor.newInstance(Constructor.java:423)
at org.openqa.selenium.remote.codec.w3c.W3CHttpResponseCodec.createException(W3CHttpResponseCodec.java:200)
at org.openqa.selenium.remote.codec.w3c.W3CHttpResponseCodec.decode(W3CHttpResponseCodec.java:133)
at org.openqa.selenium.remote.codec.w3c.W3CHttpResponseCodec.decode(W3CHttpResponseCodec.java:52)
at org.openqa.selenium.remote.HttpCommandExecutor.execute(HttpCommandExecutor.java:191)
at org.openqa.selenium.remote.service.DriverCommandExecutor.invokeExecute(DriverCommandExecutor.java:196)
at org.openqa.selenium.remote.service.DriverCommandExecutor.execute(DriverCommandExecutor.java:171)
at org.openqa.selenium.remote.RemoteWebDriver.execute(RemoteWebDriver.java:602)
at org.openqa.selenium.remote.RemoteWebElement.execute(RemoteWebElement.java:224)
at org.openqa.selenium.remote.RemoteWebElement.click(RemoteWebElement.java:77)
at pages.EditPage.editTitle(EditPage.java:14)
at testcases.EditIndividual.editTestCase(EditIndividual.java:29)
at sun.reflect.NativeMethodAccessorImpl.invoke0(Native Method)
at sun.reflect.NativeMethodAccessorImpl.invoke(NativeMethodAccessorImpl.java:62)
at sun.reflect.DelegatingMethodAccessorImpl.invoke(DelegatingMethodAccessorImpl.java:43)
at java.lang.reflect.Method.invoke(Method.java:498)
at org.testng.internal.MethodInvocationHelper.invokeMethod(MethodInvocationHelper.java:133)
at org.testng.internal.TestInvoker.invokeMethod(TestInvoker.java:598)
at org.testng.internal.TestInvoker.invokeTestMethod(TestInvoker.java:173)
at org.testng.internal.MethodRunner.runInSequence(MethodRunner.java:46)
at org.testng.internal.TestInvoker$MethodInvocationAgent.invoke(TestInvoker.java:824)
at org.testng.internal.TestInvoker.invokeTestMethods(TestInvoker.java:146)
at org.testng.internal.TestMethodWorker.invokeTestMethods(TestMethodWorker.java:146)
at org.testng.internal.TestMethodWorker.run(TestMethodWorker.java:128)
at java.util.concurrent.ThreadPoolExecutor.runWorker(ThreadPoolExecutor.java:1149)
at java.util.concurrent.ThreadPoolExecutor$Worker.run(ThreadPoolExecutor.java:624)
at java.lang.Thread.run(Thread.java:748)
]]>
    </error>
  </testcase> <!-- editTestCase -->
  <system-out/>
</testsuite> <!-- testcases.EditIndividual -->
